<?xml version="1.0" encoding="UTF-8"?>
<!-- Generated by org.testng.reporters.JUnitReportReporter -->
<testsuite hostname="Ashwin" failures="0" tests="2" name="com.telegram.testcase.LoginTest" time="4.662" errors="0" timestamp="2023-12-09T23:50:22 GMT" skipped="0">
  <testcase classname="com.telegram.testcase.LoginTest" name="loginApp" time="3.769"/>
  <testcase classname="com.telegram.testcase.LoginTest" name="f1" time="0.893"/>
  <system-out>
    <![CDATA[Setting up reports and Test is getting ready
Setting done Test is started
Browser and url setup start
Browser and url setup done
Test complited >>>>> and report generated]]>
  </system-out>
</testsuite> <!-- com.telegram.testcase.LoginTest -->
